
> vibe-generated-app@1.0.0 dev
> vite


  VITE v5.4.20  ready in 185 ms

  ➜  Local:   http://localhost:3000/
  ➜  Network: http://172.20.0.203:3000/
[vite:css] @import must precede all other statements (besides @charset or empty @layer)
4  |  
5  |  /* Fonts */
6  |  @import url('https://fonts.googleapis.com/css2?family=Inter:wght@400;600;800&family=Press+Start+2P&display=swap');
   |  ^^^^^^^^^^^^^^^^^^^^^^^^^^^^^^^^^^^^^^^^^^^^^^^^^^^^^^^^^^^^^^^^^^^^^^^^^^^^^^^^^^^^^^^^^^^^^^^^^^^^^^^^^^^^^^^^^^
7  |  
8  |  @layer base {
2:43:44 PM [vite] ✨ new dependencies optimized: @splinetool/react-spline
2:43:44 PM [vite] ✨ optimized dependencies changed. reloading
[vite:css] @import must precede all other statements (besides @charset or empty @layer)
4  |  
5  |  /* Fonts */
6  |  @import url('https://fonts.googleapis.com/css2?family=Inter:wght@400;600;800&family=Press+Start+2P&display=swap');
   |  ^^^^^^^^^^^^^^^^^^^^^^^^^^^^^^^^^^^^^^^^^^^^^^^^^^^^^^^^^^^^^^^^^^^^^^^^^^^^^^^^^^^^^^^^^^^^^^^^^^^^^^^^^^^^^^^^^^
7  |  
8  |  @layer base {
